<?xml version="1.0" encoding="UTF-8"?>
<!-- Generated by org.testng.reporters.JUnitXMLReporter -->
<testsuite ignored="0" hostname="DESKTOP-MTBJNQB" failures="0" tests="7" name="Default test" time="0.151" errors="0" timestamp="2021-03-09T05:01:34 IST">
  <testcase classname="test.day3" name="LoginAPICarloan" time="0.012"/>
  <testcase classname="test.day3" name="MobileSignIn" time="0.002"/>
  <testcase classname="test.day3" name="MobileSignOut" time="0.003"/>
  <testcase classname="test.day3" name="MobileloginCarloan" time="0.003"/>
  <testcase classname="test.day3" name="WebloginCarloan" time="0.002"/>
  <testcase classname="test.day3" name="WebloginCarloan" time="0.013"/>
  <testcase classname="test.day3" name="WebloginCarloan" time="0.0"/>
</testsuite> <!-- Default test -->
