<?xml version="1.0" encoding="UTF-8"?>
<!-- Generated by org.testng.reporters.JUnitXMLReporter -->
<testsuite ignored="5" hostname="DESKTOP-MTBJNQB" failures="0" tests="5" name="Car Loan" time="0.037" errors="0" timestamp="2021-03-10T08:44:46 IST">
  <testcase classname="test.day3" name="LoginAPICarloan" time="0.003"/>
  <testcase classname="test.day3" name="WebloginCarloan" time="0.001"/>
  <testcase classname="test.day3" name="WebloginCarloan" time="0.002"/>
  <testcase classname="test.day3" name="WebloginCarloan" time="0.001"/>
  <testcase classname="test.day4" name="WebloginHomeloan" time="0.001"/>
  <testcase classname="test.day3" name="MobileSignOut" time="0.0">
    <ignored/>
  </testcase> <!-- MobileSignOut -->
  <testcase classname="test.day4" name="MobileloginHomeloan" time="0.0">
    <ignored/>
  </testcase> <!-- MobileloginHomeloan -->
  <testcase classname="test.day3" name="MobileSignIn" time="0.0">
    <ignored/>
  </testcase> <!-- MobileSignIn -->
  <testcase classname="test.day4" name="LoginAPIHomeloan" time="0.0">
    <ignored/>
  </testcase> <!-- LoginAPIHomeloan -->
  <testcase classname="test.day3" name="MobileloginCarloan" time="0.0">
    <ignored/>
  </testcase> <!-- MobileloginCarloan -->
</testsuite> <!-- Car Loan -->
