<?xml version="1.0" encoding="UTF-8"?>
<!-- Generated by org.testng.reporters.JUnitXMLReporter -->
<testsuite ignored="0" hostname="DESKTOP-MTBJNQB" failures="1" tests="3" name="Personal Loan" time="0.054" errors="0" timestamp="2021-03-10T08:57:41 IST">
  <testcase classname="test.day1" name="Demo" time="0.006">
    <failure type="java.lang.AssertionError" message="expected [true] but found [false]">
      <![CDATA[java.lang.AssertionError: expected [true] but found [false]
at test.day1.Demo(day1.java:13)
at java.base/java.util.ArrayList.forEach(ArrayList.java:1511)
... Removed 31 stack frames]]>
    </failure>
  </testcase> <!-- Demo -->
  <testcase classname="test.day1" name="secondTest" time="0.001"/>
  <testcase classname="test.day2" name="ploan" time="0.001"/>
</testsuite> <!-- Personal Loan -->
